<?xml version="1.0" encoding="UTF-8"?>
<testng-results ignored="0" total="2" passed="2" failed="0" skipped="0">
  <reporter-output>
  </reporter-output>
  <suite started-at="2022-05-13T11:23:13 IST" name="Suite" finished-at="2022-05-13T11:23:27 IST" duration-ms="14464">
    <groups>
    </groups>
    <test started-at="2022-05-13T11:23:13 IST" name="Test" finished-at="2022-05-13T11:23:27 IST" duration-ms="14464">
      <class name="metswift.MetswiftLogin">
        <test-method is-config="true" signature="newenquiry(java.lang.String)[pri:0, instance:metswift.MetswiftLogin@43dac38f]" started-at="2022-05-13T11:23:10 IST" name="newenquiry" finished-at="2022-05-13T11:23:13 IST" duration-ms="3121" status="PASS">
          <params>
            <param index="0">
              <value>
                <![CDATA[https://tatras-ux-api.metswift.live]]>
              </value>
            </param>
          </params>
          <reporter-output>
          </reporter-output>
        </test-method> <!-- newenquiry -->
        <test-method is-config="true" signature="getCStation(java.lang.String)[pri:0, instance:metswift.MetswiftLogin@43dac38f]" started-at="2022-05-13T11:23:13 IST" name="getCStation" finished-at="2022-05-13T11:23:18 IST" duration-ms="5028" status="PASS">
          <params>
            <param index="0">
              <value>
                <![CDATA[https://tatras-ux-weather.metswift.live]]>
              </value>
            </param>
          </params>
          <reporter-output>
          </reporter-output>
        </test-method> <!-- getCStation -->
        <test-method signature="addevent(java.lang.String)[pri:0, instance:metswift.MetswiftLogin@43dac38f]" started-at="2022-05-13T11:23:18 IST" name="addevent" finished-at="2022-05-13T11:23:19 IST" duration-ms="1619" status="PASS">
          <params>
            <param index="0">
              <value>
                <![CDATA[https://tatras-ux-api.metswift.live]]>
              </value>
            </param>
          </params>
          <reporter-output>
          </reporter-output>
        </test-method> <!-- addevent -->
        <test-method signature="getmodels(java.lang.String)[pri:0, instance:metswift.MetswiftLogin@43dac38f]" started-at="2022-05-13T11:23:19 IST" name="getmodels" finished-at="2022-05-13T11:23:27 IST" duration-ms="7792" status="PASS">
          <params>
            <param index="0">
              <value>
                <![CDATA[https://tatras-ux-api.metswift.live]]>
              </value>
            </param>
          </params>
          <reporter-output>
          </reporter-output>
        </test-method> <!-- getmodels -->
      </class> <!-- metswift.MetswiftLogin -->
    </test> <!-- Test -->
  </suite> <!-- Suite -->
</testng-results>
